<?xml version="1.0" encoding="UTF-8"?>
<!-- Generated by org.testng.reporters.JUnitXMLReporter -->
<testsuite hostname="hp123" ignored="1" name="Default test" tests="3" failures="0" timestamp="11 Nov 2018 17:03:18 GMT" time="109.535" errors="0">
  <testcase name="verifyItemsinCart" time="7.502" classname="com.lowesfoods.shop.qa.testcases.HomePageTest"/>
  <testcase name="verifyProduceAndFloralLink" time="7.506" classname="com.lowesfoods.shop.qa.testcases.HomePageTest"/>
  <testcase name="verifyDeliAndBakeryLink" time="0.526" classname="com.lowesfoods.shop.qa.testcases.HomePageTest"/>
  <testcase name="veryifyCategoryLinks" time="0.0" classname="com.lowesfoods.shop.qa.testcases.HomePageTest">
    <ignored/>
  </testcase> <!-- veryifyCategoryLinks -->
</testsuite> <!-- Default test -->
