<?xml version="1.0" encoding="UTF-8"?>
<!-- Generated by org.testng.reporters.JUnitXMLReporter -->
<testsuite hostname="hp123" ignored="1" name="ShopLowesFoods App Test Cases" tests="5" failures="0" timestamp="11 Nov 2018 17:59:32 GMT" time="187.811" errors="0">
  <testcase name="loginTest" time="4.802" classname="com.lowesfoods.shop.qa.testcases.LoginPageTest"/>
  <testcase name="validateProfileAddress" time="29.762" classname="com.lowesfoods.shop.qa.testcases.DashBoardPageTest"/>
  <testcase name="verifyItemsinCart" time="5.55" classname="com.lowesfoods.shop.qa.testcases.HomePageTest"/>
  <testcase name="verifyProduceAndFloralLink" time="7.57" classname="com.lowesfoods.shop.qa.testcases.HomePageTest"/>
  <testcase name="verifyDeliAndBakeryLink" time="7.158" classname="com.lowesfoods.shop.qa.testcases.HomePageTest"/>
  <testcase name="veryifyCategoryLinks" time="0.0" classname="com.lowesfoods.shop.qa.testcases.HomePageTest">
    <ignored/>
  </testcase> <!-- veryifyCategoryLinks -->
</testsuite> <!-- ShopLowesFoods App Test Cases -->
