<?xml version="1.0" encoding="UTF-8"?>
<testng-results skipped="0" failed="0" ignored="1" total="6" passed="5">
  <reporter-output>
  </reporter-output>
  <suite name="ShopLowesFoods Application Automation Test Suite" duration-ms="187811" started-at="2018-11-11T17:56:22Z" finished-at="2018-11-11T17:59:30Z">
    <groups>
    </groups>
    <test name="ShopLowesFoods App Test Cases" duration-ms="187811" started-at="2018-11-11T17:56:22Z" finished-at="2018-11-11T17:59:30Z">
      <class name="com.lowesfoods.shop.qa.testcases.LoginPageTest">
        <test-method status="PASS" signature="setup()[pri:0, instance:com.lowesfoods.shop.qa.testcases.LoginPageTest@6a41eaa2]" name="setup" is-config="true" duration-ms="27377" started-at="2018-11-11T17:56:22Z" finished-at="2018-11-11T17:56:50Z">
          <reporter-output>
          </reporter-output>
        </test-method> <!-- setup -->
        <test-method status="PASS" signature="loginTest()[pri:0, instance:com.lowesfoods.shop.qa.testcases.LoginPageTest@6a41eaa2]" name="loginTest" duration-ms="4802" started-at="2018-11-11T17:56:50Z" finished-at="2018-11-11T17:56:54Z">
          <reporter-output>
          </reporter-output>
        </test-method> <!-- loginTest -->
        <test-method status="PASS" signature="tearDown()[pri:0, instance:com.lowesfoods.shop.qa.testcases.LoginPageTest@6a41eaa2]" name="tearDown" is-config="true" duration-ms="920" started-at="2018-11-11T17:56:54Z" finished-at="2018-11-11T17:56:55Z">
          <reporter-output>
          </reporter-output>
        </test-method> <!-- tearDown -->
      </class> <!-- com.lowesfoods.shop.qa.testcases.LoginPageTest -->
      <class name="com.lowesfoods.shop.qa.testcases.DashBoardPageTest">
        <test-method status="PASS" signature="setup()[pri:0, instance:com.lowesfoods.shop.qa.testcases.DashBoardPageTest@7cd62f43]" name="setup" is-config="true" duration-ms="18782" started-at="2018-11-11T17:56:55Z" finished-at="2018-11-11T17:57:14Z">
          <reporter-output>
          </reporter-output>
        </test-method> <!-- setup -->
        <test-method status="PASS" signature="validateProfileAddress()[pri:0, instance:com.lowesfoods.shop.qa.testcases.DashBoardPageTest@7cd62f43]" name="validateProfileAddress" duration-ms="29762" started-at="2018-11-11T17:57:14Z" finished-at="2018-11-11T17:57:44Z">
          <reporter-output>
          </reporter-output>
        </test-method> <!-- validateProfileAddress -->
      </class> <!-- com.lowesfoods.shop.qa.testcases.DashBoardPageTest -->
      <class name="com.lowesfoods.shop.qa.testcases.HomePageTest">
        <test-method status="PASS" signature="setup()[pri:0, instance:com.lowesfoods.shop.qa.testcases.HomePageTest@6d4b1c02]" name="setup" is-config="true" duration-ms="18290" started-at="2018-11-11T17:57:44Z" finished-at="2018-11-11T17:58:02Z">
          <reporter-output>
          </reporter-output>
        </test-method> <!-- setup -->
        <test-method status="PASS" signature="verifyItemsinCart()[pri:1, instance:com.lowesfoods.shop.qa.testcases.HomePageTest@6d4b1c02]" name="verifyItemsinCart" duration-ms="5550" started-at="2018-11-11T17:58:02Z" finished-at="2018-11-11T17:58:08Z">
          <reporter-output>
          </reporter-output>
        </test-method> <!-- verifyItemsinCart -->
        <test-method status="PASS" signature="setup()[pri:0, instance:com.lowesfoods.shop.qa.testcases.HomePageTest@6d4b1c02]" name="setup" is-config="true" duration-ms="30781" started-at="2018-11-11T17:58:08Z" finished-at="2018-11-11T17:58:39Z">
          <reporter-output>
          </reporter-output>
        </test-method> <!-- setup -->
        <test-method status="PASS" signature="verifyProduceAndFloralLink()[pri:2, instance:com.lowesfoods.shop.qa.testcases.HomePageTest@6d4b1c02]" name="verifyProduceAndFloralLink" duration-ms="7570" started-at="2018-11-11T17:58:39Z" finished-at="2018-11-11T17:58:46Z">
          <reporter-output>
          </reporter-output>
        </test-method> <!-- verifyProduceAndFloralLink -->
        <test-method status="PASS" signature="setup()[pri:0, instance:com.lowesfoods.shop.qa.testcases.HomePageTest@6d4b1c02]" name="setup" is-config="true" duration-ms="36457" started-at="2018-11-11T17:58:46Z" finished-at="2018-11-11T17:59:23Z">
          <reporter-output>
          </reporter-output>
        </test-method> <!-- setup -->
        <test-method status="PASS" signature="verifyDeliAndBakeryLink()[pri:3, instance:com.lowesfoods.shop.qa.testcases.HomePageTest@6d4b1c02]" name="verifyDeliAndBakeryLink" duration-ms="7158" started-at="2018-11-11T17:59:23Z" finished-at="2018-11-11T17:59:30Z">
          <reporter-output>
          </reporter-output>
        </test-method> <!-- verifyDeliAndBakeryLink -->
      </class> <!-- com.lowesfoods.shop.qa.testcases.HomePageTest -->
    </test> <!-- ShopLowesFoods App Test Cases -->
  </suite> <!-- ShopLowesFoods Application Automation Test Suite -->
</testng-results>
